<?xml version="1.0" encoding="UTF-8"?>
<!-- Generated by org.testng.reporters.JUnitXMLReporter -->
<testsuite ignored="0" hostname="LAPTOP-MKB27PE1" failures="0" tests="5" name="Default test" time="3.609" errors="0" timestamp="2023-04-29T10:23:29 IST">
  <testcase classname="restassuredTest.Demo6_BasicValidations_XML" name="testSingleContent" time="1.872"/>
  <testcase classname="restassuredTest.Demo6_BasicValidations_XML" name="testMultipleContents" time="0.489"/>
  <testcase classname="restassuredTest.Demo6_BasicValidations_XML" name="testMultipleContentsInOneGo" time="0.406"/>
  <testcase classname="restassuredTest.Demo6_BasicValidations_XML" name="testUsingXpath1" time="0.42"/>
  <testcase classname="restassuredTest.Demo6_BasicValidations_XML" name="testUsingXpath2" time="0.376"/>
</testsuite> <!-- Default test -->
